{
  "RSpec": {
    "coverage": {
      "/Users/kosukekimura/Documents/study/DIC/chorei-server/spec/models/group_spec.rb": [
        null,
        null,
        1,
        null,
        1,
        1,
        null
      ],
      "/Users/kosukekimura/Documents/study/DIC/chorei-server/spec/rails_helper.rb": [
        null,
        null,
        null,
        1,
        1,
        1,
        null,
        1,
        1,
        1,
        null,
        null,
        null,
        null,
        null,
        null,
        null,
        null,
        null,
        null,
        null,
        null,
        null,
        null,
        null,
        2,
        null,
        null,
        null,
        1,
        1,
        null,
        0,
        0,
        null,
        1,
        null,
        1,
        null,
        null,
        null,
        null,
        1,
        null,
        null,
        null,
        null,
        null,
        null,
        null,
        null,
        null,
        null,
        null,
        null,
        null,
        null,
        1,
        null,
        null,
        1,
        null,
        null,
        1,
        1,
        1,
        null
      ],
      "/Users/kosukekimura/Documents/study/DIC/chorei-server/spec/support/Authentication_procedure.rb": [
        null,
        null,
        1,
        1,
        5,
        null,
        2,
        3,
        null,
        null,
        null
      ],
      "/Users/kosukekimura/Documents/study/DIC/chorei-server/app/models/group.rb": [
        null,
        null,
        1,
        null
      ],
      "/Users/kosukekimura/Documents/study/DIC/chorei-server/app/models/application_record.rb": [
        null,
        null,
        1,
        1,
        null
      ],
      "/Users/kosukekimura/Documents/study/DIC/chorei-server/spec/requests/users_spec.rb": [
        null,
        null,
        1,
        null,
        1,
        1,
        3,
        10,
        1,
        1,
        1,
        null,
        null,
        null,
        null,
        null,
        null,
        null,
        null,
        null,
        null,
        null,
        null,
        1,
        1,
        1,
        1,
        1,
        1,
        1,
        1,
        1,
        1,
        null,
        null,
        null,
        null,
        1,
        1,
        1,
        null,
        null,
        null,
        null,
        null,
        null,
        null,
        null,
        null,
        null,
        null,
        null,
        1,
        1,
        1,
        1,
        1,
        1,
        1,
        1,
        1,
        1,
        null,
        null,
        null,
        1,
        1,
        1,
        1,
        1,
        1,
        null,
        null,
        null,
        null,
        null,
        null,
        null,
        null,
        null,
        null,
        null,
        null,
        1,
        1,
        1,
        1,
        1,
        1,
        1,
        1,
        1,
        1,
        null,
        null,
        null,
        1,
        1,
        1,
        1,
        1,
        null,
        null,
        null,
        1,
        1,
        1,
        1,
        null,
        1,
        1,
        1,
        1,
        1,
        1,
        1,
        1,
        null,
        null,
        1,
        1,
        null,
        null,
        null,
        null,
        null,
        null,
        null,
        1,
        1,
        null,
        null,
        null,
        1,
        1,
        1,
        1,
        null,
        null,
        null,
        null,
        null,
        null,
        1,
        1,
        1,
        1,
        null,
        null,
        1,
        1,
        1,
        null,
        null,
        null,
        null,
        null,
        null,
        1,
        1,
        1,
        1,
        null,
        null,
        1,
        1,
        1,
        null,
        null,
        null,
        null,
        null,
        null,
        1,
        1,
        1,
        1,
        null,
        null,
        null,
        1,
        1,
        1,
        1,
        null,
        null,
        null,
        null,
        null,
        null,
        null,
        1,
        1,
        1,
        1,
        null,
        null,
        1,
        1,
        null,
        null,
        null,
        null,
        null,
        null,
        null,
        null,
        null,
        null,
        null,
        1,
        1,
        1,
        1,
        null,
        null,
        null,
        1,
        1,
        1,
        1,
        1,
        null,
        null,
        null,
        1,
        null,
        1,
        null,
        null,
        null,
        1,
        null,
        null,
        1,
        1,
        1,
        1,
        null,
        null,
        null,
        null,
        null,
        null,
        null,
        1,
        null,
        null,
        null,
        1,
        1,
        1,
        1,
        1,
        null,
        null,
        null,
        1,
        1,
        null,
        1,
        1,
        1,
        1,
        null,
        null,
        null,
        null,
        null,
        null,
        null,
        1,
        1,
        null,
        null,
        null,
        null
      ],
      "/Users/kosukekimura/Documents/study/DIC/chorei-server/app/controllers/auth/registrations_controller.rb": [
        null,
        null,
        1,
        1,
        1,
        null,
        1,
        6,
        null,
        null,
        1,
        3,
        null,
        null,
        null
      ],
      "/Users/kosukekimura/Documents/study/DIC/chorei-server/app/controllers/application_controller.rb": [
        null,
        null,
        1,
        1,
        null
      ]
    },
    "timestamp": 1560149740
  }
}
